18:32:15 **** Incremental Build of configuration Debug for project Mini_Project3 ****
make all 
Building file: ../main.c
Invoking: AVR Compiler
avr-gcc -Wall -g2 -gstabs -O0 -fpack-struct -fshort-enums -ffunction-sections -fdata-sections -std=gnu99 -funsigned-char -funsigned-bitfields -mmcu=atmega32 -DF_CPU=1000000UL -MMD -MP -MF"main.d" -MT"main.o" -c -o "main.o" "../main.c"
Finished building: ../main.c
 
Building target: Mini_Project3.elf
Invoking: AVR C Linker
avr-gcc -Wl,-Map,Mini_Project3.map -mmcu=atmega32 -o "Mini_Project3.elf"  ./adc.o ./dcmotor.o ./gpio.o ./lcd.o ./lm35.o ./main.o ./pwm.o   
Finished building target: Mini_Project3.elf
 
Invoking: AVR Create Extended Listing
avr-objdump -h -S Mini_Project3.elf  >"Mini_Project3.lss"
Finished building: Mini_Project3.lss
 
Create Flash image (ihex format)
avr-objcopy -R .eeprom -R .fuse -R .lock -R .signature -O ihex Mini_Project3.elf  "Mini_Project3.hex"
Finished building: Mini_Project3.hex
 
Invoking: Print Size
avr-size --format=avr --mcu=atmega32 Mini_Project3.elf
AVR Memory Usage
----------------
Device: atmega32

Program:    9524 bytes (29.1% Full)
(.text + .data + .bootloader)

Data:        289 bytes (14.1% Full)
(.data + .bss + .noinit)


Finished building: sizedummy
 
13:09:54 **** Build of configuration Debug for project Mini_Project3 ****
make all 
Building file: ../lm35.c
Invoking: AVR Compiler
avr-gcc -Wall -g2 -gstabs -O0 -fpack-struct -fshort-enums -ffunction-sections -fdata-sections -std=gnu99 -funsigned-char -funsigned-bitfields -mmcu=atmega32 -DF_CPU=1000000UL -MMD -MP -MF"lm35.d" -MT"lm35.o" -c -o "lm35.o" "../lm35.c"
Finished building: ../lm35.c
 
Building file: ../pwm.c
Invoking: AVR Compiler
avr-gcc -Wall -g2 -gstabs -O0 -fpack-struct -fshort-enums -ffunction-sections -fdata-sections -std=gnu99 -funsigned-char -funsigned-bitfields -mmcu=atmega32 -DF_CPU=1000000UL -MMD -MP -MF"pwm.d" -MT"pwm.o" -c -o "pwm.o" "../pwm.c"
Finished building: ../pwm.c
 
Building target: Mini_Project3.elf
Invoking: AVR C Linker
avr-gcc -Wl,-Map,Mini_Project3.map -mmcu=atmega32 -o "Mini_Project3.elf"  ./adc.o ./dcmotor.o ./gpio.o ./lcd.o ./lm35.o ./main.o ./pwm.o   
Finished building target: Mini_Project3.elf
 
Invoking: AVR Create Extended Listing
avr-objdump -h -S Mini_Project3.elf  >"Mini_Project3.lss"
Finished building: Mini_Project3.lss
 
Create Flash image (ihex format)
avr-objcopy -R .eeprom -R .fuse -R .lock -R .signature -O ihex Mini_Project3.elf  "Mini_Project3.hex"
Finished building: Mini_Project3.hex
 
Invoking: Print Size
avr-size --format=avr --mcu=atmega32 Mini_Project3.elf
AVR Memory Usage
----------------
Device: atmega32

Program:    9542 bytes (29.1% Full)
(.text + .data + .bootloader)

Data:        289 bytes (14.1% Full)
(.data + .bss + .noinit)


Finished building: sizedummy
 
